Running: fuse.exe -relaunch -intstyle "ise" -incremental -lib "secureip" -o "D:/Github/arquitectura-de-computadoras/CISC8/CISC8_TB_isim_beh.exe" -prj "D:/Github/arquitectura-de-computadoras/CISC8/CISC8_TB_beh.prj" "work.CISC8_TB" 
ISim P.58f (signature 0x7708f090)
Number of CPUs detected in this system: 6
Turning on mult-threading, number of parallel sub-compilation jobs: 12 
Determining compilation order of HDL files
Parsing VHDL file "D:/Github/arquitectura-de-computadoras/CISC8/X.vhd" into library work
Parsing VHDL file "D:/Github/arquitectura-de-computadoras/CISC8/SP.vhd" into library work
Parsing VHDL file "D:/Github/arquitectura-de-computadoras/CISC8/PC.vhd" into library work
Parsing VHDL file "D:/Github/arquitectura-de-computadoras/CISC8/Mux4.vhd" into library work
Parsing VHDL file "D:/Github/arquitectura-de-computadoras/CISC8/Mux2.vhd" into library work
Parsing VHDL file "D:/Github/arquitectura-de-computadoras/CISC8/IR.vhd" into library work
Parsing VHDL file "D:/Github/arquitectura-de-computadoras/CISC8/Flags.vhd" into library work
Parsing VHDL file "D:/Github/arquitectura-de-computadoras/CISC8/Decoder.vhd" into library work
Parsing VHDL file "D:/Github/arquitectura-de-computadoras/CISC8/CU.vhd" into library work
Parsing VHDL file "D:/Github/arquitectura-de-computadoras/CISC8/A.vhd" into library work
Parsing VHDL file "D:/Github/arquitectura-de-computadoras/CISC8/../ArquitecturaEasyprocessor/ALU.vhd" into library work
Parsing VHDL file "D:/Github/arquitectura-de-computadoras/CISC8/../../../Downloads/Memory.vhd" into library work
Parsing VHDL file "D:/Github/arquitectura-de-computadoras/CISC8/../../../Downloads/IO.vhd" into library work
Parsing VHDL file "D:/Github/arquitectura-de-computadoras/CISC8/../../../Downloads/InterruptHandler.vhd" into library work
Parsing VHDL file "D:/Github/arquitectura-de-computadoras/CISC8/../../../Downloads/AddressDecod.vhd" into library work
Parsing VHDL file "D:/Github/arquitectura-de-computadoras/CISC8/../../../Downloads/CISC8.vhd" into library work
Parsing VHDL file "D:/Github/arquitectura-de-computadoras/CISC8/../../../Downloads/CISC8_TB.vhd" into library work
Starting static elaboration
Completed static elaboration
Compiling package standard
Compiling package std_logic_1164
Compiling package numeric_std
Compiling package std_logic_arith
Compiling package std_logic_unsigned
Compiling package textio
Compiling package std_logic_textio
Compiling architecture behavioral of entity AddressDecod [addressdecod_default]
Compiling architecture behavioral of entity ALU [alu_default]
Compiling architecture behavioral of entity A [a_default]
Compiling architecture behavioral of entity CU [cu_default]
Compiling architecture behavioral of entity Decoder [decoder_default]
Compiling architecture behavioral of entity Flags [flags_default]
Compiling architecture behavioral of entity InterruptHandler [interrupthandler_default]
Compiling architecture behavioral of entity IO [io_default]
Compiling architecture behavioral of entity IR [ir_default]
Compiling architecture behavioral of entity Memory [memory_default]
Compiling architecture behavioral of entity Mux2 [\Mux2(7)\]
Compiling architecture behavioral of entity Mux2 [\Mux2(4)\]
Compiling architecture behavioral of entity Mux4 [mux4_default]
Compiling architecture behavioral of entity PC [pc_default]
Compiling architecture behavioral of entity SP [sp_default]
Compiling architecture behavioral of entity X [x_default]
Compiling architecture behavioral of entity CISC8 [cisc8_default]
Compiling architecture behavior of entity cisc8_tb
Time Resolution for simulation is 1ps.
Waiting for 7 sub-compilation(s) to finish...
Compiled 42 VHDL Units
Built simulation executable D:/Github/arquitectura-de-computadoras/CISC8/CISC8_TB_isim_beh.exe
Fuse Memory Usage: 39284 KB
Fuse CPU Usage: 718 ms
