Release 14.5 - xst P.58f (nt64)
Copyright (c) 1995-2012 Xilinx, Inc.  All rights reserved.
--> Parameter TMPDIR set to xst/projnav.tmp


Total REAL time to Xst completion: 0.00 secs
Total CPU time to Xst completion: 0.19 secs
 
--> Parameter xsthdpdir set to xst


Total REAL time to Xst completion: 0.00 secs
Total CPU time to Xst completion: 0.19 secs
 
--> Reading design: RISC16TB.prj

TABLE OF CONTENTS
  1) Synthesis Options Summary
  2) HDL Compilation
  3) Design Hierarchy Analysis
  4) HDL Analysis
  5) HDL Synthesis
     5.1) HDL Synthesis Report
  6) Advanced HDL Synthesis
     6.1) Advanced HDL Synthesis Report
  7) Low Level Synthesis
  8) Partition Report
  9) Final Report
	9.1) Device utilization summary
	9.2) Partition Resource Summary
	9.3) TIMING REPORT


=========================================================================
*                      Synthesis Options Summary                        *
=========================================================================
---- Source Parameters
Input File Name                    : "RISC16TB.prj"
Input Format                       : mixed
Ignore Synthesis Constraint File   : NO

---- Target Parameters
Output File Name                   : "RISC16TB"
Output Format                      : NGC
Target Device                      : xc3s500e-4-fg320

---- Source Options
Top Module Name                    : RISC16TB
Automatic FSM Extraction           : YES
FSM Encoding Algorithm             : Auto
Safe Implementation                : No
FSM Style                          : LUT
RAM Extraction                     : Yes
RAM Style                          : Auto
ROM Extraction                     : Yes
Mux Style                          : Auto
Decoder Extraction                 : YES
Priority Encoder Extraction        : Yes
Shift Register Extraction          : YES
Logical Shifter Extraction         : YES
XOR Collapsing                     : YES
ROM Style                          : Auto
Mux Extraction                     : Yes
Resource Sharing                   : YES
Asynchronous To Synchronous        : NO
Multiplier Style                   : Auto
Automatic Register Balancing       : No

---- Target Options
Add IO Buffers                     : YES
Global Maximum Fanout              : 100000
Add Generic Clock Buffer(BUFG)     : 24
Register Duplication               : YES
Slice Packing                      : YES
Optimize Instantiated Primitives   : NO
Use Clock Enable                   : Yes
Use Synchronous Set                : Yes
Use Synchronous Reset              : Yes
Pack IO Registers into IOBs        : Auto
Equivalent register Removal        : YES

---- General Options
Optimization Goal                  : Speed
Optimization Effort                : 1
Keep Hierarchy                     : No
Netlist Hierarchy                  : As_Optimized
RTL Output                         : Yes
Global Optimization                : AllClockNets
Read Cores                         : YES
Write Timing Constraints           : NO
Cross Clock Analysis               : NO
Hierarchy Separator                : /
Bus Delimiter                      : <>
Case Specifier                     : Maintain
Slice Utilization Ratio            : 100
BRAM Utilization Ratio             : 100
Verilog 2001                       : YES
Auto BRAM Packing                  : NO
Slice Utilization Ratio Delta      : 5

=========================================================================


=========================================================================
*                          HDL Compilation                              *
=========================================================================
Compiling vhdl file "D:/Downloads/ALU (1).vhd" in Library work.
Architecture behavioral of Entity alu is up to date.
Compiling vhdl file "D:/Downloads/ControlUnit.vhd" in Library work.
Architecture behavioral of Entity controlunit is up to date.
Compiling vhdl file "D:/Downloads/DataMemory.vhd" in Library work.
Architecture behavioral of Entity datamemory is up to date.
Compiling vhdl file "D:/Downloads/Decoder (1).vhd" in Library work.
Architecture behavioral of Entity decoder is up to date.
Compiling vhdl file "D:/Downloads/InstructionMemory.vhd" in Library work.
Architecture behavioral of Entity instructionmemory is up to date.
Compiling vhdl file "D:/Downloads/PC.vhd" in Library work.
Architecture behavioral of Entity pc is up to date.
Compiling vhdl file "D:/Downloads/Reg8.vhd" in Library work.
Architecture behavioral of Entity reg8 is up to date.
Compiling vhdl file "D:/Github/arquitectura-de-computadoras/CICS8_uni/Mux2.vhd" in Library work.
Architecture behavioral of Entity mux is up to date.
Compiling vhdl file "D:/Github/arquitectura-de-computadoras/risc16/RISC16.vhd" in Library work.
Entity <risc16> compiled.
Entity <risc16> (Architecture <behavioral>) compiled.
Compiling vhdl file "D:/Downloads/RISC16TB.vhd" in Library work.
Entity <RISC16TB> compiled.
ERROR:HDLParsers:1015 - "D:/Downloads/RISC16TB.vhd" Line 74. Wait for statement unsupported.
ERROR:HDLParsers:1015 - "D:/Downloads/RISC16TB.vhd" Line 76. Wait for statement unsupported.
ERROR:HDLParsers:1015 - "D:/Downloads/RISC16TB.vhd" Line 85. Wait for statement unsupported.
ERROR:HDLParsers:1015 - "D:/Downloads/RISC16TB.vhd" Line 91. Wait for statement unsupported.
ERROR:HDLParsers:1015 - "D:/Downloads/RISC16TB.vhd" Line 95. Wait for statement unsupported.
ERROR:HDLParsers:1015 - "D:/Downloads/RISC16TB.vhd" Line 99. Wait for statement unsupported.
ERROR:HDLParsers:1015 - "D:/Downloads/RISC16TB.vhd" Line 103. Wait for statement unsupported.
ERROR:HDLParsers:1015 - "D:/Downloads/RISC16TB.vhd" Line 107. Wait for statement unsupported.
ERROR:HDLParsers:1015 - "D:/Downloads/RISC16TB.vhd" Line 111. Wait for statement unsupported.
ERROR:HDLParsers:1015 - "D:/Downloads/RISC16TB.vhd" Line 115. Wait for statement unsupported.
ERROR:HDLParsers:1015 - "D:/Downloads/RISC16TB.vhd" Line 119. Wait for statement unsupported.
ERROR:HDLParsers:1015 - "D:/Downloads/RISC16TB.vhd" Line 123. Wait for statement unsupported.
ERROR:HDLParsers:1015 - "D:/Downloads/RISC16TB.vhd" Line 127. Wait for statement unsupported.
ERROR:HDLParsers:1015 - "D:/Downloads/RISC16TB.vhd" Line 131. Wait for statement unsupported.
ERROR:HDLParsers:1015 - "D:/Downloads/RISC16TB.vhd" Line 135. Wait for statement unsupported.
ERROR:HDLParsers:1015 - "D:/Downloads/RISC16TB.vhd" Line 139. Wait for statement unsupported.
ERROR:HDLParsers:1015 - "D:/Downloads/RISC16TB.vhd" Line 143. Wait for statement unsupported.
ERROR:HDLParsers:1015 - "D:/Downloads/RISC16TB.vhd" Line 147. Wait for statement unsupported.
ERROR:HDLParsers:1015 - "D:/Downloads/RISC16TB.vhd" Line 151. Wait for statement unsupported.
ERROR:HDLParsers:1015 - "D:/Downloads/RISC16TB.vhd" Line 155. Wait for statement unsupported.
ERROR:HDLParsers:1015 - "D:/Downloads/RISC16TB.vhd" Line 159. Wait for statement unsupported.
ERROR:HDLParsers:1015 - "D:/Downloads/RISC16TB.vhd" Line 163. Wait for statement unsupported.
ERROR:HDLParsers:1015 - "D:/Downloads/RISC16TB.vhd" Line 167. Wait for statement unsupported.
ERROR:HDLParsers:1015 - "D:/Downloads/RISC16TB.vhd" Line 171. Wait for statement unsupported.
ERROR:HDLParsers:1015 - "D:/Downloads/RISC16TB.vhd" Line 175. Wait for statement unsupported.
ERROR:HDLParsers:1015 - "D:/Downloads/RISC16TB.vhd" Line 179. Wait for statement unsupported.
ERROR:HDLParsers:1015 - "D:/Downloads/RISC16TB.vhd" Line 183. Wait for statement unsupported.
ERROR:HDLParsers:1015 - "D:/Downloads/RISC16TB.vhd" Line 187. Wait for statement unsupported.
ERROR:HDLParsers:1015 - "D:/Downloads/RISC16TB.vhd" Line 191. Wait for statement unsupported.
ERROR:HDLParsers:1015 - "D:/Downloads/RISC16TB.vhd" Line 195. Wait for statement unsupported.
ERROR:HDLParsers:1015 - "D:/Downloads/RISC16TB.vhd" Line 199. Wait for statement unsupported.
ERROR:HDLParsers:1015 - "D:/Downloads/RISC16TB.vhd" Line 203. Wait for statement unsupported.
ERROR:HDLParsers:1015 - "D:/Downloads/RISC16TB.vhd" Line 207. Wait for statement unsupported.
ERROR:HDLParsers:1015 - "D:/Downloads/RISC16TB.vhd" Line 211. Wait for statement unsupported.
ERROR:HDLParsers:1015 - "D:/Downloads/RISC16TB.vhd" Line 215. Wait for statement unsupported.
ERROR:HDLParsers:1015 - "D:/Downloads/RISC16TB.vhd" Line 219. Wait for statement unsupported.
ERROR:HDLParsers:1015 - "D:/Downloads/RISC16TB.vhd" Line 223. Wait for statement unsupported.
--> 

Total memory usage is 4501860 kilobytes

Number of errors   :   37 (   0 filtered)
Number of warnings :    0 (   0 filtered)
Number of infos    :    0 (   0 filtered)

