Running: fuse.exe -relaunch -intstyle "ise" -incremental -lib "secureip" -o "D:/Github/arquitectura-de-computadoras/ArquitecturaEasyprocessor/Easyprocessor_isim_beh.exe" -prj "D:/Github/arquitectura-de-computadoras/ArquitecturaEasyprocessor/Easyprocessor_beh.prj" "work.Easyprocessor" 
ISim P.58f (signature 0x7708f090)
Number of CPUs detected in this system: 6
Turning on mult-threading, number of parallel sub-compilation jobs: 12 
Determining compilation order of HDL files
Parsing VHDL file "D:/Github/arquitectura-de-computadoras/ArquitecturaEasyprocessor/Registers.vhd" into library work
Parsing VHDL file "D:/Github/arquitectura-de-computadoras/ArquitecturaEasyprocessor/Reg.vhd" into library work
Parsing VHDL file "D:/Github/arquitectura-de-computadoras/ArquitecturaEasyprocessor/ProgCount.vhd" into library work
Parsing VHDL file "D:/Github/arquitectura-de-computadoras/ArquitecturaEasyprocessor/Mux.vhd" into library work
Parsing VHDL file "D:/Github/arquitectura-de-computadoras/ArquitecturaEasyprocessor/Memory.vhd" into library work
Parsing VHDL file "D:/Github/arquitectura-de-computadoras/ArquitecturaEasyprocessor/ALU.vhd" into library work
Parsing VHDL file "C:/Users/PC/Downloads/LogControl.vhd" into library work
Parsing VHDL file "D:/Github/arquitectura-de-computadoras/ArquitecturaEasyprocessor/Easyprocessor.vhd" into library work
Starting static elaboration
Completed static elaboration
Compiling package standard
Compiling package std_logic_1164
Compiling package numeric_std
Compiling package textio
Compiling package std_logic_textio
Compiling architecture behavioral of entity ProgCount [progcount_default]
Compiling architecture behavioral of entity Memory [memory_default]
Compiling architecture behavioral of entity ALU [alu_default]
Compiling architecture behavioral of entity Reg [reg_default]
Compiling architecture behavioral of entity Registers [registers_default]
Compiling architecture behavioral of entity LogControl [logcontrol_default]
Compiling architecture behavioral of entity Mux [mux_default]
Compiling architecture behavioral of entity easyprocessor
Time Resolution for simulation is 1ps.
Waiting for 1 sub-compilation(s) to finish...
Compiled 20 VHDL Units
Built simulation executable D:/Github/arquitectura-de-computadoras/ArquitecturaEasyprocessor/Easyprocessor_isim_beh.exe
Fuse Memory Usage: 36896 KB
Fuse CPU Usage: 483 ms
