ISim log file
Running: D:\Github\arquitectura-de-computadoras\CICS8_uni\CISC8_TB_isim_beh.exe -intstyle ise -gui -tclbatch isim.cmd -wdb D:/Github/arquitectura-de-computadoras/CICS8_uni/CISC8_TB_isim_beh.wdb 
ISim P.58f (signature 0x7708f090)
This is a Full version of ISim.
Time resolution is 1 ps
# onerror resume
# wave add /
# run 1000 ns
Simulator is doing circuit initialization process.
at 0 ps, Instance /cisc8_tb/uut/CISC_ALU/ : Warning: NUMERIC_STD.TO_INTEGER: metavalue detected, returning 0
at 0 ps, Instance /cisc8_tb/uut/CISC_ALU/ : Warning: NUMERIC_STD.TO_INTEGER: metavalue detected, returning 0
at 0 ps, Instance /cisc8_tb/uut/CISC_ALU/ : Warning: NUMERIC_STD.TO_INTEGER: metavalue detected, returning 0
at 0 ps, Instance /cisc8_tb/uut/CISC_ALU/ : Warning: NUMERIC_STD.TO_INTEGER: metavalue detected, returning 0
at 0 ps, Instance /cisc8_tb/uut/CISC_X/ : Warning: NUMERIC_STD.TO_INTEGER: metavalue detected, returning 0
Finished circuit initialization process.
# restart
# run 3000ns
Simulator is doing circuit initialization process.
at 0 ps, Instance /cisc8_tb/uut/CISC_ALU/ : Warning: NUMERIC_STD.TO_INTEGER: metavalue detected, returning 0
at 0 ps, Instance /cisc8_tb/uut/CISC_ALU/ : Warning: NUMERIC_STD.TO_INTEGER: metavalue detected, returning 0
at 0 ps, Instance /cisc8_tb/uut/CISC_ALU/ : Warning: NUMERIC_STD.TO_INTEGER: metavalue detected, returning 0
at 0 ps, Instance /cisc8_tb/uut/CISC_ALU/ : Warning: NUMERIC_STD.TO_INTEGER: metavalue detected, returning 0
at 0 ps, Instance /cisc8_tb/uut/CISC_X/ : Warning: NUMERIC_STD.TO_INTEGER: metavalue detected, returning 0
Finished circuit initialization process.
