Running: D:\Xilinx\14.5\ISE_DS\ISE\bin\nt64\unwrapped\fuse.exe -intstyle ise -incremental -lib secureip -o D:/Github/arquitectura-de-computadoras/Registro8bits/RegistroTB_isim_beh.exe -prj D:/Github/arquitectura-de-computadoras/Registro8bits/RegistroTB_beh.prj work.RegistroTB 
ISim P.58f (signature 0x7708f090)
Number of CPUs detected in this system: 6
Turning on mult-threading, number of parallel sub-compilation jobs: 12 
Determining compilation order of HDL files
Parsing VHDL file "D:/Github/arquitectura-de-computadoras/Registro8bits/registro8bits.vhd" into library work
Parsing VHDL file "D:/Github/arquitectura-de-computadoras/Registro8bits/RegistroTB.vhd" into library work
Starting static elaboration
Completed static elaboration
Compiling package standard
Compiling package std_logic_1164
Compiling package numeric_std
Compiling architecture behavioral of entity Registro [registro_default]
Compiling architecture behavior of entity registrotb
Time Resolution for simulation is 1ps.
Waiting for 1 sub-compilation(s) to finish...
Compiled 6 VHDL Units
Built simulation executable D:/Github/arquitectura-de-computadoras/Registro8bits/RegistroTB_isim_beh.exe
Fuse Memory Usage: 35468 KB
Fuse CPU Usage: 467 ms
